2026-04-16 16:07:30,142 INFO o.a.j.u.JMeterUtils: Setting Locale to en_EN
2026-04-16 16:07:30,156 INFO o.a.j.JMeter: Loading user properties from: D:\JMeter\apache-jmeter-5.6.3\bin\user.properties
2026-04-16 16:07:30,157 INFO o.a.j.JMeter: Loading system properties from: D:\JMeter\apache-jmeter-5.6.3\bin\system.properties
2026-04-16 16:07:30,163 INFO o.a.j.JMeter: Copyright (c) 1998-2024 The Apache Software Foundation
2026-04-16 16:07:30,163 INFO o.a.j.JMeter: Version 5.6.3
2026-04-16 16:07:30,163 INFO o.a.j.JMeter: java.version=17.0.10
2026-04-16 16:07:30,163 INFO o.a.j.JMeter: java.vm.name=OpenJDK 64-Bit Server VM
2026-04-16 16:07:30,163 INFO o.a.j.JMeter: os.name=Windows 11
2026-04-16 16:07:30,163 INFO o.a.j.JMeter: os.arch=amd64
2026-04-16 16:07:30,163 INFO o.a.j.JMeter: os.version=10.0
2026-04-16 16:07:30,163 INFO o.a.j.JMeter: file.encoding=GBK
2026-04-16 16:07:30,163 INFO o.a.j.JMeter: java.awt.headless=true
2026-04-16 16:07:30,163 INFO o.a.j.JMeter: Max memory     =1073741824
2026-04-16 16:07:30,163 INFO o.a.j.JMeter: Available Processors =32
2026-04-16 16:07:30,169 INFO o.a.j.JMeter: Default Locale=English (EN)
2026-04-16 16:07:30,169 INFO o.a.j.JMeter: JMeter  Locale=English (EN)
2026-04-16 16:07:30,169 INFO o.a.j.JMeter: JMeterHome=D:\JMeter\apache-jmeter-5.6.3
2026-04-16 16:07:30,169 INFO o.a.j.JMeter: user.dir  =D:\bot\PetNode\C_end_Simulator
2026-04-16 16:07:30,169 INFO o.a.j.JMeter: PWD       =D:\bot\PetNode\C_end_Simulator
2026-04-16 16:07:35,192 INFO o.a.j.JMeter: IP: 26.75.132.31 Name: LAPTOP-CQFDG1IV FullName: LAPTOP-CQFDG1IV
2026-04-16 16:07:35,199 INFO o.a.j.JMeter: Setting property 'jmeter.reportgenerator.outputdir' to:'D:\bot\PetNode\C_end_Simulator\output_data\proof_20260416_160726\jmeter_report'
2026-04-16 16:07:35,200 INFO o.a.j.s.FileServer: Default base='D:\bot\PetNode\C_end_Simulator'
2026-04-16 16:07:35,201 INFO o.a.j.s.FileServer: Set new base='D:\bot\PetNode\C_end_Simulator\output_data\proof_20260416_160726'
2026-04-16 16:07:35,379 INFO o.a.j.s.SaveService: Testplan (JMX) version: 2.2. Testlog (JTL) version: 2.2
2026-04-16 16:07:35,396 INFO o.a.j.s.SaveService: Using SaveService properties version 5.0
2026-04-16 16:07:35,397 INFO o.a.j.s.SaveService: Using SaveService properties file encoding UTF-8
2026-04-16 16:07:35,400 INFO o.a.j.s.SaveService: Loading file: D:\bot\PetNode\C_end_Simulator\output_data\proof_20260416_160726\mq_publish_proof.jmx
2026-04-16 16:07:35,437 INFO o.a.j.p.h.s.HTTPSamplerBase: Parser for text/html is org.apache.jmeter.protocol.http.parser.LagartoBasedHtmlParser
2026-04-16 16:07:35,437 INFO o.a.j.p.h.s.HTTPSamplerBase: Parser for application/xhtml+xml is org.apache.jmeter.protocol.http.parser.LagartoBasedHtmlParser
2026-04-16 16:07:35,437 INFO o.a.j.p.h.s.HTTPSamplerBase: Parser for application/xml is org.apache.jmeter.protocol.http.parser.LagartoBasedHtmlParser
2026-04-16 16:07:35,437 INFO o.a.j.p.h.s.HTTPSamplerBase: Parser for text/xml is org.apache.jmeter.protocol.http.parser.LagartoBasedHtmlParser
2026-04-16 16:07:35,437 INFO o.a.j.p.h.s.HTTPSamplerBase: Parser for text/vnd.wap.wml is org.apache.jmeter.protocol.http.parser.RegexpHTMLParser
2026-04-16 16:07:35,437 INFO o.a.j.p.h.s.HTTPSamplerBase: Parser for text/css is org.apache.jmeter.protocol.http.parser.CssParser
2026-04-16 16:07:35,445 INFO o.a.j.JMeter: Creating summariser <summary>
2026-04-16 16:07:35,451 INFO o.a.j.r.d.ReportGenerator: ReportGenerator will use for Parsing the separator: ','
2026-04-16 16:07:35,451 INFO o.a.j.r.d.ReportGenerator: Will generate report at end of test from  results file: D:\bot\PetNode\C_end_Simulator\output_data\proof_20260416_160726\jmeter_result.jtl
2026-04-16 16:07:35,451 INFO o.a.j.r.d.ReportGenerator: Reading report generator properties from: D:\JMeter\apache-jmeter-5.6.3\bin\reportgenerator.properties
2026-04-16 16:07:35,451 INFO o.a.j.r.d.ReportGenerator: Merging with JMeter properties
2026-04-16 16:07:35,453 INFO o.a.j.r.c.ReportGeneratorConfiguration: Property 'jmeter.reportgenerator.temp_dir' not found, using default value 'temp' instead.
2026-04-16 16:07:35,455 INFO o.a.j.r.c.ReportGeneratorConfiguration: Property 'jmeter.reportgenerator.apdex_per_transaction' not found, using default value 'null' instead.
2026-04-16 16:07:35,455 INFO o.a.j.r.c.ReportGeneratorConfiguration: apdex_per_transaction is empty, not APDEX per transaction customization
2026-04-16 16:07:35,455 INFO o.a.j.r.c.ReportGeneratorConfiguration: Property 'jmeter.reportgenerator.sample_filter' not found, using default value 'null' instead.
2026-04-16 16:07:35,455 INFO o.a.j.r.c.ReportGeneratorConfiguration: Property 'jmeter.reportgenerator.report_title' not found, using default value 'null' instead.
2026-04-16 16:07:35,455 INFO o.a.j.r.c.ReportGeneratorConfiguration: Property 'jmeter.reportgenerator.start_date' not found, using default value 'null' instead.
2026-04-16 16:07:35,455 INFO o.a.j.r.c.ReportGeneratorConfiguration: Property 'jmeter.reportgenerator.end_date' not found, using default value 'null' instead.
2026-04-16 16:07:35,455 INFO o.a.j.r.c.ReportGeneratorConfiguration: Property 'jmeter.reportgenerator.date_format' not found, using default value 'null' instead.
2026-04-16 16:07:35,456 INFO o.a.j.r.c.ReportGeneratorConfiguration: Will use date range start date: null, end date: null
2026-04-16 16:07:35,458 INFO o.a.j.r.c.ReportGeneratorConfiguration: Property 'jmeter.reportgenerator.graph.totalTPS.exclude_controllers' not found, using default value 'false' instead.
2026-04-16 16:07:35,458 INFO o.a.j.r.c.ReportGeneratorConfiguration: Property 'jmeter.reportgenerator.graph.activeThreadsOverTime.exclude_controllers' not found, using default value 'false' instead.
2026-04-16 16:07:35,458 INFO o.a.j.r.c.ReportGeneratorConfiguration: Property 'jmeter.reportgenerator.graph.timeVsThreads.exclude_controllers' not found, using default value 'false' instead.
2026-04-16 16:07:35,458 INFO o.a.j.r.c.ReportGeneratorConfiguration: Property 'jmeter.reportgenerator.graph.responseTimeDistribution.exclude_controllers' not found, using default value 'false' instead.
2026-04-16 16:07:35,458 INFO o.a.j.r.c.ReportGeneratorConfiguration: Property 'jmeter.reportgenerator.graph.transactionsPerSecond.exclude_controllers' not found, using default value 'false' instead.
2026-04-16 16:07:35,458 INFO o.a.j.r.c.ReportGeneratorConfiguration: Property 'jmeter.reportgenerator.graph.responseTimePercentiles.exclude_controllers' not found, using default value 'false' instead.
2026-04-16 16:07:35,458 INFO o.a.j.r.c.ReportGeneratorConfiguration: Property 'jmeter.reportgenerator.graph.responseTimePercentilesOverTime.exclude_controllers' not found, using default value 'false' instead.
2026-04-16 16:07:35,458 INFO o.a.j.r.c.ReportGeneratorConfiguration: Property 'jmeter.reportgenerator.graph.responseTimesOverTime.exclude_controllers' not found, using default value 'false' instead.
2026-04-16 16:07:35,458 INFO o.a.j.r.c.ReportGeneratorConfiguration: Property 'jmeter.reportgenerator.graph.connectTimeOverTime.exclude_controllers' not found, using default value 'false' instead.
2026-04-16 16:07:35,458 INFO o.a.j.r.c.ReportGeneratorConfiguration: Property 'jmeter.reportgenerator.graph.latenciesOverTime.exclude_controllers' not found, using default value 'false' instead.
2026-04-16 16:07:35,459 INFO o.a.j.r.c.ReportGeneratorConfiguration: Property 'jmeter.reportgenerator.exporter.json.filters_only_sample_series' not found, using default value 'true' instead.
2026-04-16 16:07:35,459 INFO o.a.j.r.c.ReportGeneratorConfiguration: Property 'jmeter.reportgenerator.exporter.json.series_filter' not found, using default value '' instead.
2026-04-16 16:07:35,459 INFO o.a.j.r.c.ReportGeneratorConfiguration: Property 'jmeter.reportgenerator.exporter.json.show_controllers_only' not found, using default value 'false' instead.
2026-04-16 16:07:35,459 INFO o.a.j.r.c.ReportGeneratorConfiguration: Property 'jmeter.reportgenerator.exporter.html.filters_only_sample_series' not found, using default value 'true' instead.
2026-04-16 16:07:35,459 INFO o.a.j.r.c.ReportGeneratorConfiguration: Property 'jmeter.reportgenerator.exporter.html.series_filter' not found, using default value '' instead.
2026-04-16 16:07:35,459 INFO o.a.j.r.c.ReportGeneratorConfiguration: Property 'jmeter.reportgenerator.exporter.html.show_controllers_only' not found, using default value 'false' instead.
2026-04-16 16:07:35,467 INFO o.a.j.e.StandardJMeterEngine: Running the test!
2026-04-16 16:07:35,468 INFO o.a.j.s.SampleEvent: List of sample_variables: []
2026-04-16 16:07:35,468 INFO o.a.j.s.SampleEvent: List of sample_variables: []
2026-04-16 16:07:35,470 INFO o.a.j.e.u.CompoundVariable: Note: Function class names must contain the string: '.functions.'
2026-04-16 16:07:35,471 INFO o.a.j.e.u.CompoundVariable: Note: Function class names must not contain the string: '.gui.'
2026-04-16 16:07:35,513 INFO o.a.j.JMeter: Running test (1776326855513)
2026-04-16 16:07:35,522 INFO o.a.j.e.StandardJMeterEngine: Starting ThreadGroup: 1 : Burst Load
2026-04-16 16:07:35,522 INFO o.a.j.e.StandardJMeterEngine: Starting 20 threads for group Burst Load.
2026-04-16 16:07:35,522 INFO o.a.j.e.StandardJMeterEngine: Thread will continue on error
2026-04-16 16:07:35,522 INFO o.a.j.t.ThreadGroup: Starting thread group... number=1 threads=20 ramp-up=5 delayedStart=false
2026-04-16 16:07:35,528 INFO o.a.j.t.JMeterThread: Thread started: Burst Load 1-1
2026-04-16 16:07:35,532 INFO o.a.j.t.ThreadGroup: Started thread group number 1
2026-04-16 16:07:35,532 INFO o.a.j.e.StandardJMeterEngine: All thread groups have been started
2026-04-16 16:07:35,539 INFO o.a.j.p.h.s.HTTPHCAbstractImpl: Local host = LAPTOP-CQFDG1IV
2026-04-16 16:07:35,542 INFO o.a.j.p.h.s.HTTPHC4Impl: HTTP request retry count = 0
2026-04-16 16:07:35,543 INFO o.a.j.s.SampleResult: Note: Sample TimeStamps are START times
2026-04-16 16:07:35,543 INFO o.a.j.s.SampleResult: sampleresult.default.encoding is set to UTF-8
2026-04-16 16:07:35,543 INFO o.a.j.s.SampleResult: sampleresult.useNanoTime=true
2026-04-16 16:07:35,543 INFO o.a.j.s.SampleResult: sampleresult.nanoThreadSleep=5000
2026-04-16 16:07:35,609 INFO o.a.j.r.Summariser: summary +      1 in 00:00:00 =   10.5/s Avg:    24 Min:    24 Max:    24 Err:     0 (0.00%) Active: 1 Started: 1 Finished: 0
2026-04-16 16:07:35,776 INFO o.a.j.t.JMeterThread: Thread started: Burst Load 1-2
2026-04-16 16:07:35,885 INFO o.a.j.t.JMeterThread: Thread is done: Burst Load 1-1
2026-04-16 16:07:35,886 INFO o.a.j.t.JMeterThread: Thread finished: Burst Load 1-1
2026-04-16 16:07:36,026 INFO o.a.j.t.JMeterThread: Thread started: Burst Load 1-3
2026-04-16 16:07:36,044 INFO o.a.j.t.JMeterThread: Thread is done: Burst Load 1-2
2026-04-16 16:07:36,044 INFO o.a.j.t.JMeterThread: Thread finished: Burst Load 1-2
2026-04-16 16:07:36,276 INFO o.a.j.t.JMeterThread: Thread started: Burst Load 1-4
2026-04-16 16:07:36,320 INFO o.a.j.t.JMeterThread: Thread is done: Burst Load 1-3
2026-04-16 16:07:36,320 INFO o.a.j.t.JMeterThread: Thread finished: Burst Load 1-3
2026-04-16 16:07:36,525 INFO o.a.j.t.JMeterThread: Thread started: Burst Load 1-5
2026-04-16 16:07:36,545 INFO o.a.j.t.JMeterThread: Thread is done: Burst Load 1-4
2026-04-16 16:07:36,545 INFO o.a.j.t.JMeterThread: Thread finished: Burst Load 1-4
2026-04-16 16:07:36,774 INFO o.a.j.t.JMeterThread: Thread started: Burst Load 1-6
2026-04-16 16:07:36,798 INFO o.a.j.t.JMeterThread: Thread is done: Burst Load 1-5
2026-04-16 16:07:36,798 INFO o.a.j.t.JMeterThread: Thread finished: Burst Load 1-5
2026-04-16 16:07:37,024 INFO o.a.j.t.JMeterThread: Thread started: Burst Load 1-7
2026-04-16 16:07:37,034 INFO o.a.j.t.JMeterThread: Thread is done: Burst Load 1-6
2026-04-16 16:07:37,034 INFO o.a.j.t.JMeterThread: Thread finished: Burst Load 1-6
2026-04-16 16:07:37,267 INFO o.a.j.t.JMeterThread: Thread is done: Burst Load 1-7
2026-04-16 16:07:37,267 INFO o.a.j.t.JMeterThread: Thread finished: Burst Load 1-7
2026-04-16 16:07:37,273 INFO o.a.j.t.JMeterThread: Thread started: Burst Load 1-8
2026-04-16 16:07:37,514 INFO o.a.j.t.JMeterThread: Thread is done: Burst Load 1-8
2026-04-16 16:07:37,514 INFO o.a.j.t.JMeterThread: Thread finished: Burst Load 1-8
2026-04-16 16:07:37,523 INFO o.a.j.t.JMeterThread: Thread started: Burst Load 1-9
2026-04-16 16:07:37,773 INFO o.a.j.t.JMeterThread: Thread started: Burst Load 1-10
2026-04-16 16:07:37,784 INFO o.a.j.t.JMeterThread: Thread is done: Burst Load 1-9
2026-04-16 16:07:37,784 INFO o.a.j.t.JMeterThread: Thread finished: Burst Load 1-9
2026-04-16 16:07:38,022 INFO o.a.j.t.JMeterThread: Thread started: Burst Load 1-11
2026-04-16 16:07:38,058 INFO o.a.j.t.JMeterThread: Thread is done: Burst Load 1-10
2026-04-16 16:07:38,058 INFO o.a.j.t.JMeterThread: Thread finished: Burst Load 1-10
2026-04-16 16:07:38,273 INFO o.a.j.t.JMeterThread: Thread started: Burst Load 1-12
2026-04-16 16:07:38,276 INFO o.a.j.t.JMeterThread: Thread is done: Burst Load 1-11
2026-04-16 16:07:38,276 INFO o.a.j.t.JMeterThread: Thread finished: Burst Load 1-11
2026-04-16 16:07:38,515 INFO o.a.j.t.JMeterThread: Thread is done: Burst Load 1-12
2026-04-16 16:07:38,515 INFO o.a.j.t.JMeterThread: Thread finished: Burst Load 1-12
2026-04-16 16:07:38,522 INFO o.a.j.t.JMeterThread: Thread started: Burst Load 1-13
2026-04-16 16:07:38,745 INFO o.a.j.t.JMeterThread: Thread is done: Burst Load 1-13
2026-04-16 16:07:38,745 INFO o.a.j.t.JMeterThread: Thread finished: Burst Load 1-13
2026-04-16 16:07:38,773 INFO o.a.j.t.JMeterThread: Thread started: Burst Load 1-14
2026-04-16 16:07:39,008 INFO o.a.j.t.JMeterThread: Thread is done: Burst Load 1-14
2026-04-16 16:07:39,008 INFO o.a.j.t.JMeterThread: Thread finished: Burst Load 1-14
2026-04-16 16:07:39,023 INFO o.a.j.t.JMeterThread: Thread started: Burst Load 1-15
2026-04-16 16:07:39,236 INFO o.a.j.t.JMeterThread: Thread is done: Burst Load 1-15
2026-04-16 16:07:39,236 INFO o.a.j.t.JMeterThread: Thread finished: Burst Load 1-15
2026-04-16 16:07:39,273 INFO o.a.j.t.JMeterThread: Thread started: Burst Load 1-16
2026-04-16 16:07:39,505 INFO o.a.j.t.JMeterThread: Thread is done: Burst Load 1-16
2026-04-16 16:07:39,505 INFO o.a.j.t.JMeterThread: Thread finished: Burst Load 1-16
2026-04-16 16:07:39,522 INFO o.a.j.t.JMeterThread: Thread started: Burst Load 1-17
2026-04-16 16:07:39,741 INFO o.a.j.t.JMeterThread: Thread is done: Burst Load 1-17
2026-04-16 16:07:39,741 INFO o.a.j.t.JMeterThread: Thread finished: Burst Load 1-17
2026-04-16 16:07:39,773 INFO o.a.j.t.JMeterThread: Thread started: Burst Load 1-18
2026-04-16 16:07:39,994 INFO o.a.j.t.JMeterThread: Thread is done: Burst Load 1-18
2026-04-16 16:07:39,994 INFO o.a.j.t.JMeterThread: Thread finished: Burst Load 1-18
2026-04-16 16:07:40,023 INFO o.a.j.t.JMeterThread: Thread started: Burst Load 1-19
2026-04-16 16:07:40,241 INFO o.a.j.t.JMeterThread: Thread is done: Burst Load 1-19
2026-04-16 16:07:40,241 INFO o.a.j.t.JMeterThread: Thread finished: Burst Load 1-19
2026-04-16 16:07:40,274 INFO o.a.j.t.JMeterThread: Thread started: Burst Load 1-20
2026-04-16 16:07:40,495 INFO o.a.j.t.JMeterThread: Thread is done: Burst Load 1-20
2026-04-16 16:07:40,495 INFO o.a.j.t.JMeterThread: Thread finished: Burst Load 1-20
2026-04-16 16:07:40,495 INFO o.a.j.e.StandardJMeterEngine: Notifying test listeners of end of test
2026-04-16 16:07:40,496 INFO o.a.j.r.Summariser: summary +    999 in 00:00:05 =  204.4/s Avg:     4 Min:     3 Max:    14 Err:     0 (0.00%) Active: 0 Started: 20 Finished: 20
2026-04-16 16:07:40,496 INFO o.a.j.r.Summariser: summary =   1000 in 00:00:05 =  200.7/s Avg:     4 Min:     3 Max:    24 Err:     0 (0.00%)
2026-04-16 16:07:40,496 INFO o.a.j.JMeter: Generating Dashboard
2026-04-16 16:07:40,496 INFO o.a.j.r.d.ReportGenerator: Flushing result collector before report Generation
2026-04-16 16:07:40,502 INFO o.a.j.r.p.NormalizerSampleConsumer: Using format, 'ms', to parse timeStamp field
2026-04-16 16:07:40,604 INFO o.a.j.r.p.AbstractSampleConsumer: class org.apache.jmeter.report.processor.AggregateConsumer#stopProducing(): beginDate produced 0 samples
2026-04-16 16:07:40,604 INFO o.a.j.r.p.AbstractSampleConsumer: class org.apache.jmeter.report.processor.AggregateConsumer#stopProducing(): endDate produced 0 samples
2026-04-16 16:07:40,613 INFO o.a.j.r.p.AbstractSampleConsumer: class org.apache.jmeter.report.processor.ApdexSummaryConsumer#stopProducing(): apdexSummary produced 0 samples
2026-04-16 16:07:40,614 INFO o.a.j.r.p.AbstractSampleConsumer: class org.apache.jmeter.report.processor.RequestsSummaryConsumer#stopProducing(): requestsSummary produced 0 samples
2026-04-16 16:07:40,626 INFO o.a.j.r.p.AbstractSampleConsumer: class org.apache.jmeter.report.processor.StatisticsSummaryConsumer#stopProducing(): statisticsSummary produced 0 samples
2026-04-16 16:07:40,629 INFO o.a.j.r.p.AbstractSampleConsumer: class org.apache.jmeter.report.processor.Top5ErrorsBySamplerConsumer#stopProducing(): top5ErrorsBySampler produced 0 samples
2026-04-16 16:07:40,629 INFO o.a.j.r.p.AbstractSampleConsumer: class org.apache.jmeter.report.processor.ErrorsSummaryConsumer#stopProducing(): errorsSummary produced 0 samples
2026-04-16 16:07:40,629 INFO o.a.j.r.p.AbstractSampleConsumer: class org.apache.jmeter.report.processor.graph.impl.HitsPerSecondGraphConsumer#stopProducing(): hitsPerSecond produced 0 samples
2026-04-16 16:07:40,661 INFO o.a.j.r.p.AbstractSampleConsumer: class org.apache.jmeter.report.processor.graph.impl.LatencyVSRequestGraphConsumer#stopProducing(): latencyVsRequest produced 0 samples
2026-04-16 16:07:40,662 INFO o.a.j.r.p.AbstractSampleConsumer: class org.apache.jmeter.report.processor.graph.impl.SyntheticResponseTimeDistributionGraphConsumer#stopProducing(): syntheticResponseTimeDistribution produced 0 samples
2026-04-16 16:07:40,662 INFO o.a.j.r.p.AbstractSampleConsumer: class org.apache.jmeter.report.processor.graph.impl.BytesThroughputGraphConsumer#stopProducing(): bytesThroughputOverTime produced 0 samples
2026-04-16 16:07:40,662 INFO o.a.j.r.p.AbstractSampleConsumer: class org.apache.jmeter.report.processor.graph.impl.CodesPerSecondGraphConsumer#stopProducing(): codesPerSecond produced 0 samples
2026-04-16 16:07:40,668 INFO o.a.j.r.p.AbstractSampleConsumer: class org.apache.jmeter.report.processor.graph.impl.ResponseTimeVSRequestGraphConsumer#stopProducing(): responseTimeVsRequest produced 0 samples
2026-04-16 16:07:40,668 INFO o.a.j.r.p.AbstractSampleConsumer: class org.apache.jmeter.report.processor.FilterConsumer#stopProducing(): startIntervalControlerFilter produced 7000 samples
2026-04-16 16:07:40,668 INFO o.a.j.r.p.AbstractSampleConsumer: class org.apache.jmeter.report.processor.graph.impl.TotalTPSGraphConsumer#stopProducing(): totalTPS produced 0 samples
2026-04-16 16:07:40,669 INFO o.a.j.r.p.AbstractSampleConsumer: class org.apache.jmeter.report.processor.graph.impl.ActiveThreadsGraphConsumer#stopProducing(): activeThreadsOverTime produced 0 samples
2026-04-16 16:07:40,669 INFO o.a.j.r.p.AbstractSampleConsumer: class org.apache.jmeter.report.processor.graph.impl.TimeVSThreadGraphConsumer#stopProducing(): timeVsThreads produced 0 samples
2026-04-16 16:07:40,669 INFO o.a.j.r.p.AbstractSampleConsumer: class org.apache.jmeter.report.processor.graph.impl.ResponseTimeDistributionGraphConsumer#stopProducing(): responseTimeDistribution produced 0 samples
2026-04-16 16:07:40,669 INFO o.a.j.r.p.AbstractSampleConsumer: class org.apache.jmeter.report.processor.graph.impl.TransactionsPerSecondGraphConsumer#stopProducing(): transactionsPerSecond produced 0 samples
2026-04-16 16:07:40,669 INFO o.a.j.r.p.AbstractSampleConsumer: class org.apache.jmeter.report.processor.graph.impl.ResponseTimePercentilesGraphConsumer#stopProducing(): responseTimePercentiles produced 0 samples
2026-04-16 16:07:40,669 INFO o.a.j.r.p.AbstractSampleConsumer: class org.apache.jmeter.report.processor.graph.impl.ResponseTimePercentilesOverTimeGraphConsumer#stopProducing(): responseTimePercentilesOverTime produced 0 samples
2026-04-16 16:07:40,669 INFO o.a.j.r.p.AbstractSampleConsumer: class org.apache.jmeter.report.processor.graph.impl.ResponseTimeOverTimeGraphConsumer#stopProducing(): responseTimesOverTime produced 0 samples
2026-04-16 16:07:40,669 INFO o.a.j.r.p.AbstractSampleConsumer: class org.apache.jmeter.report.processor.graph.impl.ConnectTimeOverTimeGraphConsumer#stopProducing(): connectTimeOverTime produced 0 samples
2026-04-16 16:07:40,669 INFO o.a.j.r.p.AbstractSampleConsumer: class org.apache.jmeter.report.processor.graph.impl.LatencyOverTimeGraphConsumer#stopProducing(): latenciesOverTime produced 0 samples
2026-04-16 16:07:40,670 INFO o.a.j.r.p.AbstractSampleConsumer: class org.apache.jmeter.report.processor.FilterConsumer#stopProducing(): nameFilter produced 15000 samples
2026-04-16 16:07:40,670 INFO o.a.j.r.p.AbstractSampleConsumer: class org.apache.jmeter.report.processor.FilterConsumer#stopProducing(): dateRangeFilter produced 3000 samples
2026-04-16 16:07:40,670 INFO o.a.j.r.p.AbstractSampleConsumer: class org.apache.jmeter.report.processor.NormalizerSampleConsumer#stopProducing(): normalizer produced 1000 samples
2026-04-16 16:07:40,670 INFO o.a.j.r.p.CsvFileSampleSource: produce(): 1000 samples produced in 155ms on channel 0
2026-04-16 16:07:40,671 INFO o.a.j.r.d.ReportGenerator: Exporting data using exporter:'json' of className:'org.apache.jmeter.report.dashboard.JsonExporter'
2026-04-16 16:07:40,730 INFO o.a.j.r.d.JsonExporter: Found data for consumer statisticsSummary?in context
2026-04-16 16:07:40,730 INFO o.a.j.r.d.JsonExporter: Creating statistics for overall
2026-04-16 16:07:40,731 INFO o.a.j.r.d.JsonExporter: Creating statistics for other transactions
2026-04-16 16:07:40,731 INFO o.a.j.r.d.JsonExporter: Checking output folder
2026-04-16 16:07:40,731 INFO o.a.j.r.d.JsonExporter: Writing statistics JSON to D:\bot\PetNode\C_end_Simulator\output_data\proof_20260416_160726\jmeter_report\statistics.json
2026-04-16 16:07:40,754 INFO o.a.j.r.d.ReportGenerator: Exporting data using exporter:'html' of className:'org.apache.jmeter.report.dashboard.HtmlTemplateExporter'
2026-04-16 16:07:40,756 INFO o.a.j.r.d.HtmlTemplateExporter: Will generate dashboard in folder: D:\bot\PetNode\C_end_Simulator\output_data\proof_20260416_160726\jmeter_report
2026-04-16 16:07:40,837 INFO o.a.j.r.d.HtmlTemplateExporter: Report will be generated in: D:\bot\PetNode\C_end_Simulator\output_data\proof_20260416_160726\jmeter_report, creating folder structure
2026-04-16 16:07:40,839 INFO o.a.j.r.d.TemplateVisitor: Copying folder from 'D:\JMeter\apache-jmeter-5.6.3\bin\report-template' to 'D:\bot\PetNode\C_end_Simulator\output_data\proof_20260416_160726\jmeter_report', got message: D:\bot\PetNode\C_end_Simulator\output_data\proof_20260416_160726\jmeter_report, found non empty folder with following content [D:\bot\PetNode\C_end_Simulator\output_data\proof_20260416_160726\jmeter_report\statistics.json], will be ignored
2026-04-16 16:07:41,025 INFO o.a.j.JMeter: Dashboard generated
